app/build/outputs/logs/manifest-merger-debug-report.txt
-- Merging decision tree log ---
manifest
ADDED from src\main\AndroidManifest.xml:1:1-409:12
INJECTED from src\main\AndroidManifest.xml:1:1-409:12
INJECTED from src\main\AndroidManifest.xml:1:1-409:12
INJECTED from src\main\AndroidManifest.xml:1:1-409:12
MERGED from [com.android.support:design:27.1.1] AndroidManifest.xml:17:1-22:12
MERGED from [com.github.gcacace:signature-pad:1.2.1] AndroidManifest.xml:2:1-13:12
MERGED from [com.android.databinding:adapters:1.2.1] AndroidManifest.xml:17:1-26:12
MERGED from [com.android.databinding:library:1.2.1] AndroidManifest.xml:17:1-26:12
MERGED from [com.android.support:support-v4:27.1.1] AndroidManifest.xml:17:1-22:12
MERGED from [com.android.support:appcompat-v7:27.1.1] AndroidManifest.xml:17:1-22:12
MERGED from [com.android.support:multidex:1.0.1] AndroidManifest.xml:16:1-19:12
MERGED from [com.android.support:recyclerview-v7:27.1.1] AndroidManifest.xml:17:1-22:12
MERGED from [com.blankj:utilcode:1.22.0] AndroidManifest.xml:2:1-29:12
MERGED from [com.trello.rxlifecycle2:rxlifecycle-android:2.2.2] AndroidManifest.xml:13:1-18:12
MERGED from [io.reactivex.rxjava2:rxandroid:2.1.0] AndroidManifest.xml:15:1-20:12
MERGED from [com.github.CymChad:BaseRecyclerViewAdapterHelper:2.9.42] AndroidManifest.xml:2:1-11:12
MERGED from [q.rorbin:badgeview:1.1.3] AndroidManifest.xml:2:1-13:12
MERGED from [com.github.PhilJay:MPAndroidChart:v3.1.0-alpha] AndroidManifest.xml:2:1-20:12
MERGED from [com.github.gzu-liyujiang.AndroidPicker:WheelPicker:1.5.6] AndroidManifest.xml:2:1-12:12
MERGED from [com.github.lecho:hellocharts-android:v1.5.8] AndroidManifest.xml:2:1-11:12
MERGED from [com.android.support:transition:27.1.1] AndroidManifest.xml:17:1-22:12
MERGED from [com.android.support:support-fragment:27.1.1] AndroidManifest.xml:17:1-22:12
MERGED from [com.android.support:animated-vector-drawable:27.1.1] AndroidManifest.xml:17:1-22:12
MERGED from [com.android.support:support-core-ui:27.1.1] AndroidManifest.xml:17:1-22:12
MERGED from [com.android.support:support-core-utils:27.1.1] AndroidManifest.xml:17:1-22:12
MERGED from [com.android.support:support-vector-drawable:27.1.1] AndroidManifest.xml:17:1-22:12
MERGED from [com.android.support:support-media-compat:27.1.1] AndroidManifest.xml:17:1-22:12
MERGED from [com.android.support:support-compat:27.1.1] AndroidManifest.xml:17:1-22:12
MERGED from [com.github.gzu-liyujiang.AndroidPicker:Common:1.5.6] AndroidManifest.xml:2:1-12:12
MERGED from [android.arch.lifecycle:runtime:1.1.0] AndroidManifest.xml:17:1-22:12
MERGED from [android.arch.lifecycle:livedata-core:1.1.0] AndroidManifest.xml:17:1-22:12
MERGED from [android.arch.lifecycle:viewmodel:1.1.0] AndroidManifest.xml:17:1-22:12
MERGED from [android.arch.core:runtime:1.1.0] AndroidManifest.xml:17:1-22:12
INJECTED from src\main\AndroidManifest.xml:1:1-409:12
INJECTED from src\main\AndroidManifest.xml:1:1-409:12
INJECTED from src\main\AndroidManifest.xml:1:1-409:12
	package
		ADDED from src\main\AndroidManifest.xml:2:5-31
		INJECTED from src\main\AndroidManifest.xml
		INJECTED from src\main\AndroidManifest.xml
	android:versionName
		INJECTED from src\main\AndroidManifest.xml
		ADDED from src\main\AndroidManifest.xml:1:1-409:12
		INJECTED from src\main\AndroidManifest.xml
	android:versionCode
		INJECTED from src\main\AndroidManifest.xml
		ADDED from src\main\AndroidManifest.xml:1:1-409:12
		INJECTED from src\main\AndroidManifest.xml
	xmlns:android
		ADDED from src\main\AndroidManifest.xml:1:11-69
uses-feature#0x00020000
ADDED from src\main\AndroidManifest.xml:4:5-6:35
	android:glEsVersion
		ADDED from src\main\AndroidManifest.xml:5:9-41
	android:required
		ADDED from src\main\AndroidManifest.xml:6:9-32
uses-permission#android.permission.INTERNET
ADDED from src\main\AndroidManifest.xml:9:5-67
	android:name
		ADDED from src\main\AndroidManifest.xml:9:22-64
uses-permission#android.permission.ACCESS_WIFI_STATE
ADDED from src\main\AndroidManifest.xml:10:5-76
	android:name
		ADDED from src\main\AndroidManifest.xml:10:22-73
uses-permission#android.permission.CHANGE_WIFI_STATE
ADDED from src\main\AndroidManifest.xml:11:5-76
	android:name
		ADDED from src\main\AndroidManifest.xml:11:22-73
uses-permission#android.permission.ACCESS_NETWORK_STATE
ADDED from src\main\AndroidManifest.xml:12:5-79
	android:name
		ADDED from src\main\AndroidManifest.xml:12:22-76
uses-permission#android.permission.CHANGE_NETWORK_STATE
ADDED from src\main\AndroidManifest.xml:13:5-79
	android:name
		ADDED from src\main\AndroidManifest.xml:13:22-76
uses-permission#android.permission.WRITE_SETTINGS
ADDED from src\main\AndroidManifest.xml:15:5-73
	android:name
		ADDED from src\main\AndroidManifest.xml:15:22-70
uses-permission#android.permission.ACCESS_LOCATION
ADDED from src\main\AndroidManifest.xml:20:5-74
	android:name
		ADDED from src\main\AndroidManifest.xml:20:22-71
uses-permission#android.permission.ACCESS_FINE_LOCATION
ADDED from src\main\AndroidManifest.xml:21:5-79
	android:name
		ADDED from src\main\AndroidManifest.xml:21:22-76
uses-permission#android.permission.ACCESS_COARSE_LOCATION
ADDED from src\main\AndroidManifest.xml:22:5-81
	android:name
		ADDED from src\main\AndroidManifest.xml:22:22-78
uses-permission#android.permission.READ_PHONE_STATE
ADDED from src\main\AndroidManifest.xml:24:5-75
	android:name
		ADDED from src\main\AndroidManifest.xml:24:22-72
uses-permission#android.permission.CAMERA
ADDED from src\main\AndroidManifest.xml:26:5-65
	android:name
		ADDED from src\main\AndroidManifest.xml:26:22-62
uses-permission#android.permission.WRITE_EXTERNAL_STORAGE
ADDED from src\main\AndroidManifest.xml:28:5-81
	android:name
		ADDED from src\main\AndroidManifest.xml:28:22-78
uses-permission#android.permission.READ_EXTERNAL_STORAGE
ADDED from src\main\AndroidManifest.xml:29:5-80
	android:name
		ADDED from src\main\AndroidManifest.xml:29:22-77
uses-permission#android.permission.MOUNT_UNMOUNT_FILESYSTEMS
ADDED from src\main\AndroidManifest.xml:30:5-84
	android:name
		ADDED from src\main\AndroidManifest.xml:30:22-81
uses-permission#android.permission.RECORD_AUDIO
ADDED from src\main\AndroidManifest.xml:33:5-71
	android:name
		ADDED from src\main\AndroidManifest.xml:33:22-68
uses-permission#android.permission.BLUETOOTH_ADMIN
ADDED from src\main\AndroidManifest.xml:35:5-74
	android:name
		ADDED from src\main\AndroidManifest.xml:35:22-71
uses-permission#android.permission.BLUETOOTH
ADDED from src\main\AndroidManifest.xml:36:5-68
	android:name
		ADDED from src\main\AndroidManifest.xml:36:22-65
uses-permission#android.permission.REQUEST_INSTALL_PACKAGES
ADDED from src\main\AndroidManifest.xml:39:5-82
	android:name
		ADDED from src\main\AndroidManifest.xml:39:22-80
application
ADDED from src\main\AndroidManifest.xml:43:5-407:19
MERGED from [com.github.gcacace:signature-pad:1.2.1] AndroidManifest.xml:11:5-20
MERGED from [com.github.gcacace:signature-pad:1.2.1] AndroidManifest.xml:11:5-20
MERGED from [com.blankj:utilcode:1.22.0] AndroidManifest.xml:9:5-27:19
MERGED from [com.blankj:utilcode:1.22.0] AndroidManifest.xml:9:5-27:19
MERGED from [q.rorbin:badgeview:1.1.3] AndroidManifest.xml:11:5-20
MERGED from [q.rorbin:badgeview:1.1.3] AndroidManifest.xml:11:5-20
	android:label
		ADDED from src\main\AndroidManifest.xml:48:9-41
	android:largeHeap
		ADDED from src\main\AndroidManifest.xml:46:9-33
	android:icon
		ADDED from src\main\AndroidManifest.xml:47:9-38
	android:allowBackup
		ADDED from src\main\AndroidManifest.xml:45:9-35
	android:theme
		ADDED from src\main\AndroidManifest.xml:49:9-51
	android:name
		ADDED from src\main\AndroidManifest.xml:44:9-68
provider#android.support.v4.content.FileProvider
ADDED from src\main\AndroidManifest.xml:50:9-58:20
	android:grantUriPermissions
		ADDED from src\main\AndroidManifest.xml:54:13-47
	android:authorities
		ADDED from src\main\AndroidManifest.xml:51:13-64
	android:exported
		ADDED from src\main\AndroidManifest.xml:53:13-37
	android:name
		ADDED from src\main\AndroidManifest.xml:52:13-67
meta-data#android.support.FILE_PROVIDER_PATHS
ADDED from src\main\AndroidManifest.xml:55:13-57:52
	android:resource
		ADDED from src\main\AndroidManifest.xml:57:17-50
	android:name
		ADDED from src\main\AndroidManifest.xml:56:17-67
activity#com.guyu.android.gis.activity.SplashActivity
ADDED from src\main\AndroidManifest.xml:60:9-69:20
	android:screenOrientation
		ADDED from src\main\AndroidManifest.xml:62:13-50
	android:theme
		ADDED from src\main\AndroidManifest.xml:63:13-77
	android:name
		ADDED from src\main\AndroidManifest.xml:61:13-72
intent-filter#action:name:android.intent.action.MAIN+category:name:android.intent.category.LAUNCHER
ADDED from src\main\AndroidManifest.xml:64:13-68:29
action#android.intent.action.MAIN
ADDED from src\main\AndroidManifest.xml:65:17-69
	android:name
		ADDED from src\main\AndroidManifest.xml:65:25-66
category#android.intent.category.LAUNCHER
ADDED from src\main\AndroidManifest.xml:67:17-77
	android:name
		ADDED from src\main\AndroidManifest.xml:67:27-74
activity#com.guyu.android.gis.activity.UnauthorizedActivity
ADDED from src\main\AndroidManifest.xml:70:9-75:20
	android:screenOrientation
		ADDED from src\main\AndroidManifest.xml:72:13-50
	android:theme
		ADDED from src\main\AndroidManifest.xml:73:13-77
	android:name
		ADDED from src\main\AndroidManifest.xml:71:13-78
activity#com.guyu.android.gis.activity.ExpiredActivity
ADDED from src\main\AndroidManifest.xml:76:9-81:20
	android:screenOrientation
		ADDED from src\main\AndroidManifest.xml:78:13-50
	android:theme
		ADDED from src\main\AndroidManifest.xml:79:13-77
	android:name
		ADDED from src\main\AndroidManifest.xml:77:13-73
activity#com.guyu.android.gis.activity.PermissionsActivity
ADDED from src\main\AndroidManifest.xml:82:9-84:15
	android:name
		ADDED from src\main\AndroidManifest.xml:82:19-83
activity#com.guyu.android.gis.activity.LoginActivity
ADDED from src\main\AndroidManifest.xml:85:9-93:20
	android:screenOrientation
		ADDED from src\main\AndroidManifest.xml:89:13-50
	android:hardwareAccelerated
		ADDED from src\main\AndroidManifest.xml:88:13-47
	android:windowSoftInputMode
		ADDED from src\main\AndroidManifest.xml:91:13-52
	android:configChanges
		ADDED from src\main\AndroidManifest.xml:87:13-74
	android:theme
		ADDED from src\main\AndroidManifest.xml:90:13-77
	android:name
		ADDED from src\main\AndroidManifest.xml:86:13-71
activity#com.guyu.android.gis.activity.MainActivity
ADDED from src\main\AndroidManifest.xml:94:9-102:20
	android:screenOrientation
		ADDED from src\main\AndroidManifest.xml:98:13-50
	android:hardwareAccelerated
		ADDED from src\main\AndroidManifest.xml:97:13-47
	android:windowSoftInputMode
		ADDED from src\main\AndroidManifest.xml:100:13-52
	android:configChanges
		ADDED from src\main\AndroidManifest.xml:96:13-74
	android:theme
		ADDED from src\main\AndroidManifest.xml:99:13-77
	android:name
		ADDED from src\main\AndroidManifest.xml:95:13-70
activity#com.guyu.android.gis.activity.CollectSettingActivity
ADDED from src\main\AndroidManifest.xml:103:9-108:20
	android:label
		ADDED from src\main\AndroidManifest.xml:105:13-59
	android:theme
		ADDED from src\main\AndroidManifest.xml:106:13-56
	android:name
		ADDED from src\main\AndroidManifest.xml:104:13-80
activity#com.guyu.android.gis.activity.TmpAnalysisActivity
ADDED from src\main\AndroidManifest.xml:109:9-114:20
	android:screenOrientation
		ADDED from src\main\AndroidManifest.xml:111:13-50
	android:theme
		ADDED from src\main\AndroidManifest.xml:112:13-77
	android:name
		ADDED from src\main\AndroidManifest.xml:110:13-77
activity#com.guyu.android.gis.activity.MyTaskActivity
ADDED from src\main\AndroidManifest.xml:115:9-120:20
	android:screenOrientation
		ADDED from src\main\AndroidManifest.xml:117:13-50
	android:theme
		ADDED from src\main\AndroidManifest.xml:118:13-77
	android:name
		ADDED from src\main\AndroidManifest.xml:116:13-72
activity#com.guyu.android.gis.activity.AnalysisSummaryActivity
ADDED from src\main\AndroidManifest.xml:122:9-127:20
	android:screenOrientation
		ADDED from src\main\AndroidManifest.xml:124:13-50
	android:theme
		ADDED from src\main\AndroidManifest.xml:125:13-77
	android:name
		ADDED from src\main\AndroidManifest.xml:123:13-81
activity#com.guyu.android.gis.activity.LandAnalysisRecordDetailsActivity
ADDED from src\main\AndroidManifest.xml:128:9-133:20
	android:screenOrientation
		ADDED from src\main\AndroidManifest.xml:130:13-50
	android:theme
		ADDED from src\main\AndroidManifest.xml:131:13-77
	android:name
		ADDED from src\main\AndroidManifest.xml:129:13-91
activity#com.guyu.android.gis.activity.LandAnalysisActivity
ADDED from src\main\AndroidManifest.xml:134:9-139:20
	android:screenOrientation
		ADDED from src\main\AndroidManifest.xml:136:13-50
	android:theme
		ADDED from src\main\AndroidManifest.xml:137:13-77
	android:name
		ADDED from src\main\AndroidManifest.xml:135:13-78
activity#com.guyu.android.gis.activity.ShowSignatureActivity
ADDED from src\main\AndroidManifest.xml:140:9-145:20
	android:screenOrientation
		ADDED from src\main\AndroidManifest.xml:142:13-50
	android:theme
		ADDED from src\main\AndroidManifest.xml:143:13-77
	android:name
		ADDED from src\main\AndroidManifest.xml:141:13-79
activity#com.guyu.android.gis.activity.ClipActivity
ADDED from src\main\AndroidManifest.xml:146:9-151:20
	android:screenOrientation
		ADDED from src\main\AndroidManifest.xml:148:13-50
	android:theme
		ADDED from src\main\AndroidManifest.xml:149:13-77
	android:name
		ADDED from src\main\AndroidManifest.xml:147:13-70
activity#com.guyu.android.gis.activity.SelectAreaActivity
ADDED from src\main\AndroidManifest.xml:152:9-160:20
	android:screenOrientation
		ADDED from src\main\AndroidManifest.xml:156:13-50
	android:hardwareAccelerated
		ADDED from src\main\AndroidManifest.xml:155:13-47
	android:windowSoftInputMode
		ADDED from src\main\AndroidManifest.xml:158:13-52
	android:configChanges
		ADDED from src\main\AndroidManifest.xml:154:13-74
	android:theme
		ADDED from src\main\AndroidManifest.xml:157:13-77
	android:name
		ADDED from src\main\AndroidManifest.xml:153:13-76
activity#com.guyu.android.gis.activity.SelectUnitActivity
ADDED from src\main\AndroidManifest.xml:161:9-169:20
	android:screenOrientation
		ADDED from src\main\AndroidManifest.xml:165:13-50
	android:hardwareAccelerated
		ADDED from src\main\AndroidManifest.xml:164:13-47
	android:windowSoftInputMode
		ADDED from src\main\AndroidManifest.xml:167:13-52
	android:configChanges
		ADDED from src\main\AndroidManifest.xml:163:13-74
	android:theme
		ADDED from src\main\AndroidManifest.xml:166:13-77
	android:name
		ADDED from src\main\AndroidManifest.xml:162:13-76
activity#com.guyu.android.gis.activity.SelectPeoActivity
ADDED from src\main\AndroidManifest.xml:170:9-178:20
	android:screenOrientation
		ADDED from src\main\AndroidManifest.xml:174:13-50
	android:hardwareAccelerated
		ADDED from src\main\AndroidManifest.xml:173:13-47
	android:windowSoftInputMode
		ADDED from src\main\AndroidManifest.xml:176:13-52
	android:configChanges
		ADDED from src\main\AndroidManifest.xml:172:13-74
	android:theme
		ADDED from src\main\AndroidManifest.xml:175:13-77
	android:name
		ADDED from src\main\AndroidManifest.xml:171:13-75
activity#com.guyu.android.gis.activity.SignaturePadActivity
ADDED from src\main\AndroidManifest.xml:180:9-188:20
	android:screenOrientation
		ADDED from src\main\AndroidManifest.xml:184:13-50
	android:hardwareAccelerated
		ADDED from src\main\AndroidManifest.xml:183:13-47
	android:windowSoftInputMode
		ADDED from src\main\AndroidManifest.xml:186:13-52
	android:configChanges
		ADDED from src\main\AndroidManifest.xml:182:13-74
	android:theme
		ADDED from src\main\AndroidManifest.xml:185:13-77
	android:name
		ADDED from src\main\AndroidManifest.xml:181:13-78
activity#com.guyu.android.gis.activity.PrjSelectedActivity
ADDED from src\main\AndroidManifest.xml:190:9-195:20
	android:screenOrientation
		ADDED from src\main\AndroidManifest.xml:192:13-50
	android:theme
		ADDED from src\main\AndroidManifest.xml:193:13-77
	android:name
		ADDED from src\main\AndroidManifest.xml:191:13-77
activity#com.guyu.android.gis.activity.PrjSettingActivity
ADDED from src\main\AndroidManifest.xml:196:9-201:20
	android:screenOrientation
		ADDED from src\main\AndroidManifest.xml:198:13-50
	android:theme
		ADDED from src\main\AndroidManifest.xml:199:13-77
	android:name
		ADDED from src\main\AndroidManifest.xml:197:13-76
activity#com.guyu.android.gis.activity.CaseManagerActivity
ADDED from src\main\AndroidManifest.xml:202:9-207:20
	android:screenOrientation
		ADDED from src\main\AndroidManifest.xml:204:13-50
	android:theme
		ADDED from src\main\AndroidManifest.xml:205:13-77
	android:name
		ADDED from src\main\AndroidManifest.xml:203:13-77
activity#com.guyu.android.gis.activity.CaseDetailsActivity
ADDED from src\main\AndroidManifest.xml:210:9-215:20
	android:screenOrientation
		ADDED from src\main\AndroidManifest.xml:212:13-50
	android:theme
		ADDED from src\main\AndroidManifest.xml:213:13-77
	android:name
		ADDED from src\main\AndroidManifest.xml:211:13-77
activity#com.guyu.android.gis.activity.TaskManagerActivity
ADDED from src\main\AndroidManifest.xml:218:9-223:20
	android:screenOrientation
		ADDED from src\main\AndroidManifest.xml:220:13-50
	android:theme
		ADDED from src\main\AndroidManifest.xml:221:13-77
	android:name
		ADDED from src\main\AndroidManifest.xml:219:13-77
activity#com.guyu.android.gis.activity.InitializeRecordActivity
ADDED from src\main\AndroidManifest.xml:224:9-230:20
	android:screenOrientation
		ADDED from src\main\AndroidManifest.xml:227:13-50
	android:configChanges
		ADDED from src\main\AndroidManifest.xml:226:13-63
	android:theme
		ADDED from src\main\AndroidManifest.xml:228:13-77
	android:name
		ADDED from src\main\AndroidManifest.xml:225:13-82
activity#com.guyu.android.gis.activity.PhotoSelectActivity
ADDED from src\main\AndroidManifest.xml:233:9-238:20
	android:screenOrientation
		ADDED from src\main\AndroidManifest.xml:235:13-50
	android:theme
		ADDED from src\main\AndroidManifest.xml:236:13-55
	android:name
		ADDED from src\main\AndroidManifest.xml:234:13-77
activity#com.guyu.android.gis.activity.RecordSoundActivity
ADDED from src\main\AndroidManifest.xml:239:9-244:20
	android:theme
		ADDED from src\main\AndroidManifest.xml:242:13-56
	android:name
		ADDED from src\main\AndroidManifest.xml:240:13-77
activity#com.guyu.android.gis.activity.SoundSelectActivity
ADDED from src\main\AndroidManifest.xml:245:9-250:20
	android:screenOrientation
		ADDED from src\main\AndroidManifest.xml:247:13-50
	android:theme
		ADDED from src\main\AndroidManifest.xml:248:13-55
	android:name
		ADDED from src\main\AndroidManifest.xml:246:13-77
activity#com.guyu.android.gis.activity.VideoSelectActivity
ADDED from src\main\AndroidManifest.xml:251:9-256:20
	android:screenOrientation
		ADDED from src\main\AndroidManifest.xml:253:13-50
	android:theme
		ADDED from src\main\AndroidManifest.xml:254:13-55
	android:name
		ADDED from src\main\AndroidManifest.xml:252:13-77
activity#com.guyu.android.gis.activity.ImgViewActivity
ADDED from src\main\AndroidManifest.xml:257:9-262:20
	android:screenOrientation
		ADDED from src\main\AndroidManifest.xml:259:13-50
	android:theme
		ADDED from src\main\AndroidManifest.xml:260:13-77
	android:name
		ADDED from src\main\AndroidManifest.xml:258:13-73
activity#com.guyu.android.gis.activity.SoundViewActivity
ADDED from src\main\AndroidManifest.xml:263:9-268:20
	android:screenOrientation
		ADDED from src\main\AndroidManifest.xml:265:13-50
	android:theme
		ADDED from src\main\AndroidManifest.xml:266:13-77
	android:name
		ADDED from src\main\AndroidManifest.xml:264:13-75
activity#com.guyu.android.gis.activity.VideoViewActivity
ADDED from src\main\AndroidManifest.xml:269:9-274:20
	android:screenOrientation
		ADDED from src\main\AndroidManifest.xml:271:13-50
	android:theme
		ADDED from src\main\AndroidManifest.xml:272:13-77
	android:name
		ADDED from src\main\AndroidManifest.xml:270:13-75
activity#com.guyu.android.widget.selectimgs.ImgFileListActivity
ADDED from src\main\AndroidManifest.xml:275:9-280:20
	android:screenOrientation
		ADDED from src\main\AndroidManifest.xml:277:13-50
	android:theme
		ADDED from src\main\AndroidManifest.xml:278:13-77
	android:name
		ADDED from src\main\AndroidManifest.xml:276:13-82
activity#com.guyu.android.widget.selectimgs.ImgsActivity
ADDED from src\main\AndroidManifest.xml:281:9-286:20
	android:screenOrientation
		ADDED from src\main\AndroidManifest.xml:283:13-50
	android:theme
		ADDED from src\main\AndroidManifest.xml:284:13-77
	android:name
		ADDED from src\main\AndroidManifest.xml:282:13-75
activity#com.guyu.android.gis.activity.TrackSettingActivity
ADDED from src\main\AndroidManifest.xml:287:9-292:20
	android:label
		ADDED from src\main\AndroidManifest.xml:289:13-45
	android:theme
		ADDED from src\main\AndroidManifest.xml:290:13-56
	android:name
		ADDED from src\main\AndroidManifest.xml:288:13-78
activity#com.guyu.android.gis.activity.TrackManagerActivity
ADDED from src\main\AndroidManifest.xml:293:9-298:20
	android:screenOrientation
		ADDED from src\main\AndroidManifest.xml:295:13-50
	android:theme
		ADDED from src\main\AndroidManifest.xml:296:13-77
	android:name
		ADDED from src\main\AndroidManifest.xml:294:13-78
activity#com.guyu.android.gis.activity.TrackDetailsActivity
ADDED from src\main\AndroidManifest.xml:299:9-304:20
	android:screenOrientation
		ADDED from src\main\AndroidManifest.xml:301:13-50
	android:theme
		ADDED from src\main\AndroidManifest.xml:302:13-77
	android:name
		ADDED from src\main\AndroidManifest.xml:300:13-78
activity#com.guyu.android.gis.activity.TaskUpdateSettingActivity
ADDED from src\main\AndroidManifest.xml:305:9-310:20
	android:screenOrientation
		ADDED from src\main\AndroidManifest.xml:307:13-50
	android:theme
		ADDED from src\main\AndroidManifest.xml:308:13-56
	android:name
		ADDED from src\main\AndroidManifest.xml:306:13-83
activity#com.guyu.android.gis.activity.TaskDetailsActivity
ADDED from src\main\AndroidManifest.xml:311:9-316:20
	android:screenOrientation
		ADDED from src\main\AndroidManifest.xml:313:13-50
	android:theme
		ADDED from src\main\AndroidManifest.xml:314:13-77
	android:name
		ADDED from src\main\AndroidManifest.xml:312:13-77
activity#com.guyu.android.gis.activity.SetLocationActivity
ADDED from src\main\AndroidManifest.xml:317:9-321:20
	android:theme
		ADDED from src\main\AndroidManifest.xml:319:13-42
	android:name
		ADDED from src\main\AndroidManifest.xml:318:13-77
activity#com.guyu.android.gis.activity.SubmitCaseActivity
ADDED from src\main\AndroidManifest.xml:322:9-326:20
	android:theme
		ADDED from src\main\AndroidManifest.xml:324:13-56
	android:name
		ADDED from src\main\AndroidManifest.xml:323:13-76
activity#com.bairuitech.callcenter.HallActivity
ADDED from src\main\AndroidManifest.xml:333:9-339:20
	android:launchMode
		ADDED from src\main\AndroidManifest.xml:336:13-44
	android:configChanges
		ADDED from src\main\AndroidManifest.xml:335:13-74
	android:theme
		ADDED from src\main\AndroidManifest.xml:337:13-77
	android:name
		ADDED from src\main\AndroidManifest.xml:334:13-66
activity#com.bairuitech.meeting.MeetingActivity
ADDED from src\main\AndroidManifest.xml:340:9-347:20
	android:launchMode
		ADDED from src\main\AndroidManifest.xml:343:13-44
	android:windowSoftInputMode
		ADDED from src\main\AndroidManifest.xml:345:13-72
	android:configChanges
		ADDED from src\main\AndroidManifest.xml:342:13-74
	android:theme
		ADDED from src\main\AndroidManifest.xml:344:13-77
	android:name
		ADDED from src\main\AndroidManifest.xml:341:13-66
activity#com.bairuitech.callcenter.VideoActivity
ADDED from src\main\AndroidManifest.xml:348:9-355:20
	android:screenOrientation
		ADDED from src\main\AndroidManifest.xml:352:13-50
	android:launchMode
		ADDED from src\main\AndroidManifest.xml:351:13-44
	android:configChanges
		ADDED from src\main\AndroidManifest.xml:350:13-74
	android:theme
		ADDED from src\main\AndroidManifest.xml:353:13-77
	android:name
		ADDED from src\main\AndroidManifest.xml:349:13-67
activity#com.bairuitech.meeting.VideoActivity
ADDED from src\main\AndroidManifest.xml:356:9-363:20
	android:screenOrientation
		ADDED from src\main\AndroidManifest.xml:360:13-50
	android:launchMode
		ADDED from src\main\AndroidManifest.xml:359:13-44
	android:configChanges
		ADDED from src\main\AndroidManifest.xml:358:13-85
	android:theme
		ADDED from src\main\AndroidManifest.xml:361:13-77
	android:name
		ADDED from src\main\AndroidManifest.xml:357:13-64
activity#com.bairuitech.callcenter.VideoConfigActivity
ADDED from src\main\AndroidManifest.xml:364:9-369:20
	android:configChanges
		ADDED from src\main\AndroidManifest.xml:366:13-74
	android:theme
		ADDED from src\main\AndroidManifest.xml:367:13-77
	android:name
		ADDED from src\main\AndroidManifest.xml:365:13-73
activity#com.bairuitech.meeting.VideoConfig
ADDED from src\main\AndroidManifest.xml:370:9-375:20
	android:configChanges
		ADDED from src\main\AndroidManifest.xml:372:13-74
	android:theme
		ADDED from src\main\AndroidManifest.xml:373:13-77
	android:name
		ADDED from src\main\AndroidManifest.xml:371:13-62
service#com.bairuitech.bgservice.BackService
ADDED from src\main\AndroidManifest.xml:377:9-381:19
	android:name
		ADDED from src\main\AndroidManifest.xml:377:18-69
intent-filter#action:name:com.bairuitech.callcenter.backservice
ADDED from src\main\AndroidManifest.xml:378:13-380:29
action#com.bairuitech.callcenter.backservice
ADDED from src\main\AndroidManifest.xml:379:17-80
	android:name
		ADDED from src\main\AndroidManifest.xml:379:25-77
service#com.guyu.android.gis.localservice.TrackingShowService
ADDED from src\main\AndroidManifest.xml:382:9-386:19
	android:name
		ADDED from src\main\AndroidManifest.xml:382:18-86
intent-filter#action:name:com.guyu.android.gis.localservice.TrackingShowService
ADDED from src\main\AndroidManifest.xml:383:13-385:29
	android:priority
		ADDED from src\main\AndroidManifest.xml:383:28-57
action#com.guyu.android.gis.localservice.TrackingShowService
ADDED from src\main\AndroidManifest.xml:384:17-96
	android:name
		ADDED from src\main\AndroidManifest.xml:384:25-93
service#com.guyu.android.gis.localservice.TaskUpdateService
ADDED from src\main\AndroidManifest.xml:387:9-391:19
	android:name
		ADDED from src\main\AndroidManifest.xml:387:18-84
intent-filter#action:name:com.guyu.android.gis.localservice.TaskUpdateService
ADDED from src\main\AndroidManifest.xml:388:13-390:29
action#com.guyu.android.gis.localservice.TaskUpdateService
ADDED from src\main\AndroidManifest.xml:389:17-94
	android:name
		ADDED from src\main\AndroidManifest.xml:389:25-91
service#com.guyu.android.gis.activity.SaveAreasIntentService
ADDED from src\main\AndroidManifest.xml:392:9-88
	android:name
		ADDED from src\main\AndroidManifest.xml:392:18-85
service#com.baidu.location.f
ADDED from src\main\AndroidManifest.xml:393:9-396:41
	android:process
		ADDED from src\main\AndroidManifest.xml:396:13-38
	android:enabled
		ADDED from src\main\AndroidManifest.xml:395:13-35
	android:name
		ADDED from src\main\AndroidManifest.xml:394:13-48
uses-library#com.android.future.usb.accessory
ADDED from src\main\AndroidManifest.xml:398:9-73
	android:name
		ADDED from src\main\AndroidManifest.xml:398:23-70
activity#com.guyu.android.gis.activity.MPAndroidChartActivity
ADDED from src\main\AndroidManifest.xml:400:9-405:20
	android:screenOrientation
		ADDED from src\main\AndroidManifest.xml:402:13-50
	android:theme
		ADDED from src\main\AndroidManifest.xml:403:13-77
	android:name
		ADDED from src\main\AndroidManifest.xml:401:13-80
uses-sdk
INJECTED from src\main\AndroidManifest.xml reason: use-sdk injection requested
INJECTED from src\main\AndroidManifest.xml
INJECTED from src\main\AndroidManifest.xml
MERGED from [com.android.support:design:27.1.1] AndroidManifest.xml:20:5-44
MERGED from [com.android.support:design:27.1.1] AndroidManifest.xml:20:5-44
MERGED from [com.github.gcacace:signature-pad:1.2.1] AndroidManifest.xml:7:5-9:41
MERGED from [com.github.gcacace:signature-pad:1.2.1] AndroidManifest.xml:7:5-9:41
MERGED from [com.android.databinding:adapters:1.2.1] AndroidManifest.xml:22:5-24:41
MERGED from [com.android.databinding:adapters:1.2.1] AndroidManifest.xml:22:5-24:41
MERGED from [com.android.databinding:library:1.2.1] AndroidManifest.xml:22:5-24:41
MERGED from [com.android.databinding:library:1.2.1] AndroidManifest.xml:22:5-24:41
MERGED from [com.android.support:support-v4:27.1.1] AndroidManifest.xml:20:5-44
MERGED from [com.android.support:support-v4:27.1.1] AndroidManifest.xml:20:5-44
MERGED from [com.android.support:appcompat-v7:27.1.1] AndroidManifest.xml:20:5-44
MERGED from [com.android.support:appcompat-v7:27.1.1] AndroidManifest.xml:20:5-44
MERGED from [com.android.support:multidex:1.0.1] AndroidManifest.xml:18:5-42
MERGED from [com.android.support:multidex:1.0.1] AndroidManifest.xml:18:5-42
MERGED from [com.android.support:recyclerview-v7:27.1.1] AndroidManifest.xml:20:5-44
MERGED from [com.android.support:recyclerview-v7:27.1.1] AndroidManifest.xml:20:5-44
MERGED from [com.blankj:utilcode:1.22.0] AndroidManifest.xml:7:5-44
MERGED from [com.blankj:utilcode:1.22.0] AndroidManifest.xml:7:5-44
MERGED from [com.trello.rxlifecycle2:rxlifecycle-android:2.2.2] AndroidManifest.xml:16:5-44
MERGED from [com.trello.rxlifecycle2:rxlifecycle-android:2.2.2] AndroidManifest.xml:16:5-44
MERGED from [io.reactivex.rxjava2:rxandroid:2.1.0] AndroidManifest.xml:18:5-43
MERGED from [io.reactivex.rxjava2:rxandroid:2.1.0] AndroidManifest.xml:18:5-43
MERGED from [com.github.CymChad:BaseRecyclerViewAdapterHelper:2.9.42] AndroidManifest.xml:7:5-9:41
MERGED from [com.github.CymChad:BaseRecyclerViewAdapterHelper:2.9.42] AndroidManifest.xml:7:5-9:41
MERGED from [q.rorbin:badgeview:1.1.3] AndroidManifest.xml:7:5-9:41
MERGED from [q.rorbin:badgeview:1.1.3] AndroidManifest.xml:7:5-9:41
MERGED from [com.github.PhilJay:MPAndroidChart:v3.1.0-alpha] AndroidManifest.xml:16:5-18:41
MERGED from [com.github.PhilJay:MPAndroidChart:v3.1.0-alpha] AndroidManifest.xml:16:5-18:41